<?xml version="1.0" encoding="UTF-8"?>
<!-- Generated by org.testng.reporters.JUnitXMLReporter -->
<testsuite hostname="LENOVO-PC" name="Test" tests="11" failures="0" timestamp="23 Oct 2018 07:29:38 GMT" time="19.125" errors="0">
  <testcase name="@BeforeTest open" time="0.0" classname="Frameworks.Datadriven2">
    <failure type="org.openqa.selenium.NoSuchElementException" message="Unable to locate element: {&amp;quot;method&amp;quot;:&amp;quot;link text&amp;quot;,&amp;quot;selector&amp;quot;:&amp;quot;REGISTER&amp;quot;}
Command duration or timeout: 237 milliseconds
For documentation on this error, please visit: http://seleniumhq.org/exceptions/no_such_element.html
Build info: version: &amp;apos;2.53.1&amp;apos;, revision: &amp;apos;a36b8b1&amp;apos;, time: &amp;apos;2016-06-30 17:37:03&amp;apos;
System info: host: &amp;apos;LENOVO-PC&amp;apos;, ip: &amp;apos;192.168.0.9&amp;apos;, os.name: &amp;apos;Windows 7&amp;apos;, os.arch: &amp;apos;amd64&amp;apos;, os.version: &amp;apos;6.1&amp;apos;, java.version: &amp;apos;1.8.0_25&amp;apos;
Driver info: org.openqa.selenium.firefox.FirefoxDriver
Capabilities [{applicationCacheEnabled=true, rotatable=false, handlesAlerts=true, databaseEnabled=true, version=45.0.1, platform=WINDOWS, nativeEvents=false, acceptSslCerts=true, webStorageEnabled=true, locationContextEnabled=true, browserName=firefox, takesScreenshot=true, javascriptEnabled=true, cssSelectorsEnabled=true}]
Session ID: a863d212-c496-4fd2-9f75-8b9127d4b50b
*** Element info: {Using=link text, value=REGISTER}">
      <![CDATA[org.openqa.selenium.NoSuchElementException: Unable to locate element: {"method":"link text","selector":"REGISTER"}
Command duration or timeout: 237 milliseconds
For documentation on this error, please visit: http://seleniumhq.org/exceptions/no_such_element.html
Build info: version: '2.53.1', revision: 'a36b8b1', time: '2016-06-30 17:37:03'
System info: host: 'LENOVO-PC', ip: '192.168.0.9', os.name: 'Windows 7', os.arch: 'amd64', os.version: '6.1', java.version: '1.8.0_25'
Driver info: org.openqa.selenium.firefox.FirefoxDriver
Capabilities [{applicationCacheEnabled=true, rotatable=false, handlesAlerts=true, databaseEnabled=true, version=45.0.1, platform=WINDOWS, nativeEvents=false, acceptSslCerts=true, webStorageEnabled=true, locationContextEnabled=true, browserName=firefox, takesScreenshot=true, javascriptEnabled=true, cssSelectorsEnabled=true}]
Session ID: a863d212-c496-4fd2-9f75-8b9127d4b50b
*** Element info: {Using=link text, value=REGISTER}
	at org.openqa.selenium.remote.ErrorHandler.createThrowable(ErrorHandler.java:206)
	at org.openqa.selenium.remote.ErrorHandler.throwIfResponseFailed(ErrorHandler.java:158)
	at org.openqa.selenium.remote.RemoteWebDriver.execute(RemoteWebDriver.java:678)
	at org.openqa.selenium.remote.RemoteWebDriver.findElement(RemoteWebDriver.java:363)
	at org.openqa.selenium.remote.RemoteWebDriver.findElementByLinkText(RemoteWebDriver.java:428)
	at org.openqa.selenium.By$ByLinkText.findElement(By.java:246)
	at org.openqa.selenium.remote.RemoteWebDriver.findElement(RemoteWebDriver.java:355)
	at Frameworks.Datadriven2.open(Datadriven2.java:25)
Caused by: org.openqa.selenium.NoSuchElementException: Unable to locate element: {"method":"link text","selector":"REGISTER"}
For documentation on this error, please visit: http://seleniumhq.org/exceptions/no_such_element.html
Build info: version: '2.53.1', revision: 'a36b8b1', time: '2016-06-30 17:37:03'
System info: host: 'LENOVO-PC', ip: '192.168.0.9', os.name: 'Windows 7', os.arch: 'amd64', os.version: '6.1', java.version: '1.8.0_25'
Driver info: driver.version: unknown
	at <anonymous class>.FirefoxDriver.prototype.findElementInternal_(file:///C:/Users/LENOVO/AppData/Local/Temp/anonymous8868209448056451201webdriver-profile/extensions/fxdriver@googlecode.com/components/driver-component.js:10770)
	at <anonymous class>.FirefoxDriver.prototype.findElement(file:///C:/Users/LENOVO/AppData/Local/Temp/anonymous8868209448056451201webdriver-profile/extensions/fxdriver@googlecode.com/components/driver-component.js:10779)
	at <anonymous class>.DelayedCommand.prototype.executeInternal_/h(file:///C:/Users/LENOVO/AppData/Local/Temp/anonymous8868209448056451201webdriver-profile/extensions/fxdriver@googlecode.com/components/command-processor.js:12661)
	at <anonymous class>.DelayedCommand.prototype.executeInternal_(file:///C:/Users/LENOVO/AppData/Local/Temp/anonymous8868209448056451201webdriver-profile/extensions/fxdriver@googlecode.com/components/command-processor.js:12666)
	at <anonymous class>.DelayedCommand.prototype.execute/<(file:///C:/Users/LENOVO/AppData/Local/Temp/anonymous8868209448056451201webdriver-profile/extensions/fxdriver@googlecode.com/components/command-processor.js:12608)
... Removed 26 stack frames]]>
    </failure>
  </testcase> <!-- @BeforeTest open -->
  <testcase name="@BeforeTest open" time="0.0" classname="Frameworks.Datadriven2">
    <skipped/>
  </testcase> <!-- @BeforeTest open -->
  <testcase name="@BeforeTest open" time="0.0" classname="Frameworks.Datadriven2">
    <skipped/>
  </testcase> <!-- @BeforeTest open -->
  <testcase name="@AfterTest close" time="0.0" classname="Frameworks.Reusablemethods">
    <skipped/>
  </testcase> <!-- @AfterTest close -->
  <testcase name="Tc" time="0.006" classname="Frameworks.HrmTCSbyReusablemethods">
    <skipped/>
  </testcase> <!-- Tc -->
  <testcase name="operation" time="0.004" classname="Frameworks.TC1hrmloginbyusingmethods">
    <skipped/>
  </testcase> <!-- operation -->
  <testcase name="Register" time="0.0" classname="Frameworks.Tc1counttext">
    <skipped/>
  </testcase> <!-- Register -->
  <testcase name="verifyRegister" time="0.004" classname="Frameworks.Tc1counttext">
    <skipped/>
  </testcase> <!-- verifyRegister -->
  <testcase name="login" time="0.0" classname="Frameworks.Reusablemethods">
    <skipped/>
  </testcase> <!-- login -->
  <testcase name="logout" time="0.005" classname="Frameworks.Reusablemethods">
    <skipped/>
  </testcase> <!-- logout -->
  <testcase name="tc1" time="0.006" classname="Frameworks.Tc1Scriptbyreusablemethods">
    <skipped/>
  </testcase> <!-- tc1 -->
  <testcase name="login" time="0.005" classname="Frameworks.LoginscriptbyusingActionKeywords">
    <skipped/>
  </testcase> <!-- login -->
  <testcase name="operation" time="0.005" classname="Frameworks.Datadrivenframework">
    <skipped/>
  </testcase> <!-- operation -->
  <testcase name="operation" time="0.005" classname="Frameworks.Tc1">
    <skipped/>
  </testcase> <!-- operation -->
  <testcase name="data" time="0.004" classname="Frameworks.Datadriven2">
    <skipped/>
  </testcase> <!-- data -->
</testsuite> <!-- Test -->
